<?xml version="1.0" encoding="UTF-8" ?>
<testsuite errors="1" failures="0" hostname="skorpios" name="untref.aydoo.tests.ManejadorArchivosTest" tests="1" time="0.124" timestamp="2014-06-22T00:32:47">
  <properties>
[...]
</properties>
  <testcase classname="untref.aydoo.tests.ManejadorArchivosTest" name="verificarQueElTamanioDeLaListaDeRecorridosEsElEsperado" time="0.015">
    <error message="Instruction type does not match stack map&#xa;Exception Details:&#xa;  Location:&#xa;    untref/aydoo/procesador/ManejadorArchivos.obtenerRecorridos(Ljava/io/File;)Ljava/util/List; @149: aload&#xa;  Reason:&#xa;    Type integer (current frame, locals[2]) is not assignable to &apos;java/util/List&apos; (stack map, locals[2])&#xa;  Current Frame:&#xa;    bci: @149&#xa;    flags: { }&#xa;    locals: { &apos;untref/aydoo/procesador/ManejadorArchivos&apos;, &apos;java/io/File&apos;, integer, integer, &apos;java/util/ArrayList&apos;, &apos;java/lang/String&apos;, &apos;au/com/bytecode/opencsv/CSVReader&apos; }&#xa;    stack: { }&#xa;  Stackmap Frame:&#xa;    bci: @149&#xa;    flags: { }&#xa;    locals: { &apos;untref/aydoo/procesador/ManejadorArchivos&apos;, &apos;java/io/File&apos;, &apos;java/util/List&apos;, &apos;java/lang/String&apos;, &apos;au/com/bytecode/opencsv/CSVReader&apos; }&#xa;    stack: { }&#xa;  Bytecode:&#xa;    0000000: 033d 11ff ff3e 120b 1100 22b8 0011 2a2b&#xa;    0000010: b600 4f12 0b11 0024 b800 11bb 0051 59b7&#xa;    0000020: 0052 3a04 120b 1100 26b8 0011 bb00 5459&#xa;    0000030: b700 552b b600 5903 2bb6 0059 b600 5f07&#xa;    0000040: 64b6 0063 b600 6712 69b6 0067 b600 6c3a&#xa;    0000050: 0512 0b11 002a b800 11bb 006e 59bb 0070&#xa;    0000060: 59bb 0054 59b7 0055 1272 b600 6719 05b6&#xa;    0000070: 0067 b600 6cb7 0073 103b b700 763a 0612&#xa;    0000080: 0b11 002e b800 1119 06b6 007a 5712 0b11&#xa;    0000090: 0033 b800 1119 06b6 007a 593a 0711 0033&#xa;    00000a0: 3d11 0000 3ec6 011f 1c11 0033 a000 161d&#xa;    00000b0: 1100 00a0 000f 120b 1c1d 04b8 0080 11ff&#xa;    00000c0: ff3e 120b 1100 35b8 0011 bb00 8259 b700&#xa;    00000d0: 833a 0812 0b11 0039 b800 1119 0819 0703&#xa;    00000e0: 32b8 0089 b600 8d12 0b11 003a b800 1119&#xa;    00000f0: 0819 0704 32b8 0089 b600 9012 0b11 003c&#xa;    0000100: b800 1119 0819 0705 32b6 0093 120b 1100&#xa;    0000110: 3db8 0011 1908 1907 0632 b800 89b8 0097&#xa;    0000120: b600 9b12 0b11 003e b800 1119 0819 0707&#xa;    0000130: 32b6 009e 120b 1100 40b8 0011 1908 1907&#xa;    0000140: 0832 b600 a112 0b11 0041 b800 1119 0819&#xa;    0000150: 0710 0632 b800 89b8 0097 b600 a412 0b11&#xa;    0000160: 0042 b800 1119 0819 0710 0732 b600 a712&#xa;    0000170: 0b11 0044 b800 1119 0819 0710 0832 b800&#xa;    0000180: 89b6 00aa 120b 1100 46b8 0011 1904 1908&#xa;    0000190: b900 ae02 0057 120b 1100 4cb8 0011 a700&#xa;    00001a0: 1b12 0b11 0049 b800 113a 0912 0b11 004b&#xa;    00001b0: b800 1119 0803 b600 aa12 0b11 004d b800&#xa;    00001c0: 11a7 fecc 1d9b 000f 120b 1c1d 03b8 0080&#xa;    00001d0: 11ff ff3e 120b 1100 4fb8 0011 1906 b600&#xa;    00001e0: b312 0b11 0051 b800 1119 04b0          &#xa;  Exception Handler Table:&#xa;    bci [211, 406] =&gt; handler: 417&#xa;  Stackmap Table:&#xa;    append_frame(@149,Object[#124],Object[#91],Object[#110])&#xa;    full_frame(@425,{Object[#2],Object[#30],Object[#124],Object[#91],Object[#110],Object[#176],Object[#130]},{Object[#77]})&#xa;    chop_frame(@449,1)&#xa;    same_frame(@476)&#xa;" type="java.lang.VerifyError">java.lang.VerifyError: Instruction type does not match stack map
Exception Details:
  Location:
    untref/aydoo/procesador/ManejadorArchivos.obtenerRecorridos(Ljava/io/File;)Ljava/util/List; @149: aload
  Reason:
    Type integer (current frame, locals[2]) is not assignable to &apos;java/util/List&apos; (stack map, locals[2])
  Current Frame:
    bci: @149
    flags: { }
    locals: { &apos;untref/aydoo/procesador/ManejadorArchivos&apos;, &apos;java/io/File&apos;, integer, integer, &apos;java/util/ArrayList&apos;, &apos;java/lang/String&apos;, &apos;au/com/bytecode/opencsv/CSVReader&apos; }
    stack: { }
  Stackmap Frame:
    bci: @149
    flags: { }
    locals: { &apos;untref/aydoo/procesador/ManejadorArchivos&apos;, &apos;java/io/File&apos;, &apos;java/util/List&apos;, &apos;java/lang/String&apos;, &apos;au/com/bytecode/opencsv/CSVReader&apos; }
    stack: { }
  Bytecode:
    0000000: 033d 11ff ff3e 120b 1100 22b8 0011 2a2b
    0000010: b600 4f12 0b11 0024 b800 11bb 0051 59b7
    0000020: 0052 3a04 120b 1100 26b8 0011 bb00 5459
    0000030: b700 552b b600 5903 2bb6 0059 b600 5f07
    0000040: 64b6 0063 b600 6712 69b6 0067 b600 6c3a
    0000050: 0512 0b11 002a b800 11bb 006e 59bb 0070
    0000060: 59bb 0054 59b7 0055 1272 b600 6719 05b6
    0000070: 0067 b600 6cb7 0073 103b b700 763a 0612
    0000080: 0b11 002e b800 1119 06b6 007a 5712 0b11
    0000090: 0033 b800 1119 06b6 007a 593a 0711 0033
    00000a0: 3d11 0000 3ec6 011f 1c11 0033 a000 161d
    00000b0: 1100 00a0 000f 120b 1c1d 04b8 0080 11ff
    00000c0: ff3e 120b 1100 35b8 0011 bb00 8259 b700
    00000d0: 833a 0812 0b11 0039 b800 1119 0819 0703
    00000e0: 32b8 0089 b600 8d12 0b11 003a b800 1119
    00000f0: 0819 0704 32b8 0089 b600 9012 0b11 003c
    0000100: b800 1119 0819 0705 32b6 0093 120b 1100
    0000110: 3db8 0011 1908 1907 0632 b800 89b8 0097
    0000120: b600 9b12 0b11 003e b800 1119 0819 0707
    0000130: 32b6 009e 120b 1100 40b8 0011 1908 1907
    0000140: 0832 b600 a112 0b11 0041 b800 1119 0819
    0000150: 0710 0632 b800 89b8 0097 b600 a412 0b11
    0000160: 0042 b800 1119 0819 0710 0732 b600 a712
    0000170: 0b11 0044 b800 1119 0819 0710 0832 b800
    0000180: 89b6 00aa 120b 1100 46b8 0011 1904 1908
    0000190: b900 ae02 0057 120b 1100 4cb8 0011 a700
    00001a0: 1b12 0b11 0049 b800 113a 0912 0b11 004b
    00001b0: b800 1119 0803 b600 aa12 0b11 004d b800
    00001c0: 11a7 fecc 1d9b 000f 120b 1c1d 03b8 0080
    00001d0: 11ff ff3e 120b 1100 4fb8 0011 1906 b600
    00001e0: b312 0b11 0051 b800 1119 04b0          
  Exception Handler Table:
    bci [211, 406] =&gt; handler: 417
  Stackmap Table:
    append_frame(@149,Object[#124],Object[#91],Object[#110])
    full_frame(@425,{Object[#2],Object[#30],Object[#124],Object[#91],Object[#110],Object[#176],Object[#130]},{Object[#77]})
    chop_frame(@449,1)
    same_frame(@476)

	at untref.aydoo.tests.ManejadorArchivosTest.verificarQueElTamanioDeLaListaDeRecorridosEsElEsperado(ManejadorArchivosTest.java:25)
</error>
  </testcase>
  <system-out><![CDATA[]]></system-out>
  <system-err><![CDATA[]]></system-err>
</testsuite>
