<?xml version="1.0" encoding="UTF-8" ?>
<testsuite errors="0" failures="0" hostname="skorpios" name="untref.aydoo.tests.ProcesadorEstadisticoTest" tests="5" time="0.027" timestamp="2014-06-24T20:32:37">
  <properties>
[...]
</properties>
  <testcase classname="untref.aydoo.tests.ProcesadorEstadisticoTest" name="laBicicletaMasUsadaDeberiaSerLaEsperadaSegunLosRecorridosCargados" time="0.002" />
  <testcase classname="untref.aydoo.tests.ProcesadorEstadisticoTest" name="laBicicletaMenosUsadaDeberiaSerLaEsperadaSegunLosRecorridosCargados" time="0.002" />
  <testcase classname="untref.aydoo.tests.ProcesadorEstadisticoTest" name="elTiempoPromedioDeberiaSerElEsperadoSegunLosRecorridosCargados" time="0.002" />
  <testcase classname="untref.aydoo.tests.ProcesadorEstadisticoTest" name="elRecorridoMasRealizadoDeberiaSerElEsperadoSegunLosRecorridosCargados" time="0.01" />
  <testcase classname="untref.aydoo.tests.ProcesadorEstadisticoTest" name="elResultadoDeberiaSerElEsperado" time="0.003" />
  <system-out><![CDATA[*** [Extraccion de Archivos finalizada] ***

*** [Extraccion de Archivos finalizada] ***

*** [Extraccion de Archivos finalizada] ***

*** [Extraccion de Archivos finalizada] ***

*** [Extraccion de Archivos finalizada] ***

]]></system-out>
  <system-err><![CDATA[]]></system-err>
</testsuite>
