<?xml version="1.0" encoding="UTF-8" ?>
<testsuite errors="4" failures="0" hostname="skorpios" name="untref.aydoo.tests.ProcesadorTest" tests="4" time="0.035" timestamp="2014-06-20T19:27:42">
  <properties>
[...]
</properties>
  <testcase classname="untref.aydoo.tests.ProcesadorTest" name="elRecorridoMasRealizadoDeberiaSerElEsperadoSegunLosRecorridosCargados" time="0.009">
    <error message="Instruction type does not match stack map&#xa;Exception Details:&#xa;  Location:&#xa;    untref/aydoo/procesador/ProcesadorEstadistico.getRecorridoMasRealizado(Ljava/util/List;)Ljava/lang/String; @40: iload&#xa;  Reason:&#xa;    Type integer (current frame, locals[2]) is not assignable to &apos;java/lang/String&apos; (stack map, locals[2])&#xa;  Current Frame:&#xa;    bci: @40&#xa;    flags: { }&#xa;    locals: { &apos;untref/aydoo/procesador/ProcesadorEstadistico&apos;, &apos;java/util/List&apos;, integer, integer, &apos;java/lang/String&apos;, top, integer, top, integer }&#xa;    stack: { }&#xa;  Stackmap Frame:&#xa;    bci: @40&#xa;    flags: { }&#xa;    locals: { &apos;untref/aydoo/procesador/ProcesadorEstadistico&apos;, &apos;java/util/List&apos;, &apos;java/lang/String&apos;, top, integer, top, integer }&#xa;    stack: { }&#xa;  Bytecode:&#xa;    0000000: 033d 11ff ff3e 120f 1100 67b8 0015 124f&#xa;    0000010: 3a04 120f 1100 69b8 0015 0336 0612 0f11&#xa;    0000020: 006c b800 1503 3608 1508 2bb9 002b 0100&#xa;    0000030: 1100 6c3d 1100 003e a201 581c 1100 6ca0&#xa;    0000040: 0016 1d11 0000 a000 0f12 0f1c 1d04 b800&#xa;    0000050: 2f11 ffff 3e12 0f11 006e b800 152b 1508&#xa;    0000060: b900 3302 00c0 0035 b600 553a 0512 0f11&#xa;    0000070: 006f b800 1502 3607 120f 1100 71b8 0015&#xa;    0000080: 0336 0915 092b b900 2b01 0011 0071 3d11&#xa;    0000090: 0000 3ea2 0086 1c11 0071 a000 161d 1100&#xa;    00000a0: 00a0 000f 120f 1c1d 04b8 002f 11ff ff3e&#xa;    00000b0: 120f 1100 73b8 0015 2b15 09b9 0033 0200&#xa;    00000c0: c000 35b6 0055 1905 b600 5911 0073 3d11&#xa;    00000d0: 0000 3e99 0028 1c11 0073 a000 161d 1100&#xa;    00000e0: 00a0 000f 120f 1c1d 04b8 002f 11ff ff3e&#xa;    00000f0: 120f 1100 76b8 0015 8407 011d 9b00 0f12&#xa;    0000100: 0f1c 1d03 b800 2f11 ffff 3e12 0f11 0071&#xa;    0000110: b800 1584 0901 a7ff 6d1d 9b00 0f12 0f1c&#xa;    0000120: 1d03 b800 2f11 ffff 3e12 0f11 007a b800&#xa;    0000130: 1515 0715 0611 007a 3d11 0000 3ea4 0035&#xa;    0000140: 1c11 007a a000 161d 1100 00a0 000f 120f&#xa;    0000150: 1c1d 04b8 002f 11ff ff3e 120f 1100 7cb8&#xa;    0000160: 0015 1507 3606 120f 1100 7db8 0015 1905&#xa;    0000170: 3a04 1d9b 000f 120f 1c1d 03b8 002f 11ff&#xa;    0000180: ff3e 120f 1100 6cb8 0015 8408 01a7 fe9b&#xa;    0000190: 1d9b 000f 120f 1c1d 03b8 002f 11ff ff3e&#xa;    00001a0: 120f 1100 81b8 0015 1904 b0            &#xa;  Stackmap Table:&#xa;    full_frame(@40,{Object[#2],Object[#39],Object[#81],Top,Integer,Top,Integer},{})&#xa;    full_frame(@131,{Object[#2],Object[#39],Object[#81],Object[#81],Integer,Integer,Integer,Integer},{})&#xa;    same_frame_extended(@275)&#xa;    chop_frame(@305,1)&#xa;    same_frame_extended(@394)&#xa;    full_frame(@424,{Object[#2],Object[#39],Object[#81],Top,Integer},{})&#xa;" type="java.lang.VerifyError">java.lang.VerifyError: Instruction type does not match stack map
Exception Details:
  Location:
    untref/aydoo/procesador/ProcesadorEstadistico.getRecorridoMasRealizado(Ljava/util/List;)Ljava/lang/String; @40: iload
  Reason:
    Type integer (current frame, locals[2]) is not assignable to &apos;java/lang/String&apos; (stack map, locals[2])
  Current Frame:
    bci: @40
    flags: { }
    locals: { &apos;untref/aydoo/procesador/ProcesadorEstadistico&apos;, &apos;java/util/List&apos;, integer, integer, &apos;java/lang/String&apos;, top, integer, top, integer }
    stack: { }
  Stackmap Frame:
    bci: @40
    flags: { }
    locals: { &apos;untref/aydoo/procesador/ProcesadorEstadistico&apos;, &apos;java/util/List&apos;, &apos;java/lang/String&apos;, top, integer, top, integer }
    stack: { }
  Bytecode:
    0000000: 033d 11ff ff3e 120f 1100 67b8 0015 124f
    0000010: 3a04 120f 1100 69b8 0015 0336 0612 0f11
    0000020: 006c b800 1503 3608 1508 2bb9 002b 0100
    0000030: 1100 6c3d 1100 003e a201 581c 1100 6ca0
    0000040: 0016 1d11 0000 a000 0f12 0f1c 1d04 b800
    0000050: 2f11 ffff 3e12 0f11 006e b800 152b 1508
    0000060: b900 3302 00c0 0035 b600 553a 0512 0f11
    0000070: 006f b800 1502 3607 120f 1100 71b8 0015
    0000080: 0336 0915 092b b900 2b01 0011 0071 3d11
    0000090: 0000 3ea2 0086 1c11 0071 a000 161d 1100
    00000a0: 00a0 000f 120f 1c1d 04b8 002f 11ff ff3e
    00000b0: 120f 1100 73b8 0015 2b15 09b9 0033 0200
    00000c0: c000 35b6 0055 1905 b600 5911 0073 3d11
    00000d0: 0000 3e99 0028 1c11 0073 a000 161d 1100
    00000e0: 00a0 000f 120f 1c1d 04b8 002f 11ff ff3e
    00000f0: 120f 1100 76b8 0015 8407 011d 9b00 0f12
    0000100: 0f1c 1d03 b800 2f11 ffff 3e12 0f11 0071
    0000110: b800 1584 0901 a7ff 6d1d 9b00 0f12 0f1c
    0000120: 1d03 b800 2f11 ffff 3e12 0f11 007a b800
    0000130: 1515 0715 0611 007a 3d11 0000 3ea4 0035
    0000140: 1c11 007a a000 161d 1100 00a0 000f 120f
    0000150: 1c1d 04b8 002f 11ff ff3e 120f 1100 7cb8
    0000160: 0015 1507 3606 120f 1100 7db8 0015 1905
    0000170: 3a04 1d9b 000f 120f 1c1d 03b8 002f 11ff
    0000180: ff3e 120f 1100 6cb8 0015 8408 01a7 fe9b
    0000190: 1d9b 000f 120f 1c1d 03b8 002f 11ff ff3e
    00001a0: 120f 1100 81b8 0015 1904 b0            
  Stackmap Table:
    full_frame(@40,{Object[#2],Object[#39],Object[#81],Top,Integer,Top,Integer},{})
    full_frame(@131,{Object[#2],Object[#39],Object[#81],Object[#81],Integer,Integer,Integer,Integer},{})
    same_frame_extended(@275)
    chop_frame(@305,1)
    same_frame_extended(@394)
    full_frame(@424,{Object[#2],Object[#39],Object[#81],Top,Integer},{})

	at untref.aydoo.tests.ProcesadorTest.elRecorridoMasRealizadoDeberiaSerElEsperadoSegunLosRecorridosCargados(ProcesadorTest.java:18)
</error>
  </testcase>
  <testcase classname="untref.aydoo.tests.ProcesadorTest" name="laBicicletaMasUsadaDeberiaSerLaEsperadaSegunLosRecorridosCargados" time="0.002">
    <error message="Instruction type does not match stack map&#xa;Exception Details:&#xa;  Location:&#xa;    untref/aydoo/procesador/ProcesadorEstadistico.getRecorridoMasRealizado(Ljava/util/List;)Ljava/lang/String; @40: iload&#xa;  Reason:&#xa;    Type integer (current frame, locals[2]) is not assignable to &apos;java/lang/String&apos; (stack map, locals[2])&#xa;  Current Frame:&#xa;    bci: @40&#xa;    flags: { }&#xa;    locals: { &apos;untref/aydoo/procesador/ProcesadorEstadistico&apos;, &apos;java/util/List&apos;, integer, integer, &apos;java/lang/String&apos;, top, integer, top, integer }&#xa;    stack: { }&#xa;  Stackmap Frame:&#xa;    bci: @40&#xa;    flags: { }&#xa;    locals: { &apos;untref/aydoo/procesador/ProcesadorEstadistico&apos;, &apos;java/util/List&apos;, &apos;java/lang/String&apos;, top, integer, top, integer }&#xa;    stack: { }&#xa;  Bytecode:&#xa;    0000000: 033d 11ff ff3e 120f 1100 67b8 0015 124f&#xa;    0000010: 3a04 120f 1100 69b8 0015 0336 0612 0f11&#xa;    0000020: 006c b800 1503 3608 1508 2bb9 002b 0100&#xa;    0000030: 1100 6c3d 1100 003e a201 581c 1100 6ca0&#xa;    0000040: 0016 1d11 0000 a000 0f12 0f1c 1d04 b800&#xa;    0000050: 2f11 ffff 3e12 0f11 006e b800 152b 1508&#xa;    0000060: b900 3302 00c0 0035 b600 553a 0512 0f11&#xa;    0000070: 006f b800 1502 3607 120f 1100 71b8 0015&#xa;    0000080: 0336 0915 092b b900 2b01 0011 0071 3d11&#xa;    0000090: 0000 3ea2 0086 1c11 0071 a000 161d 1100&#xa;    00000a0: 00a0 000f 120f 1c1d 04b8 002f 11ff ff3e&#xa;    00000b0: 120f 1100 73b8 0015 2b15 09b9 0033 0200&#xa;    00000c0: c000 35b6 0055 1905 b600 5911 0073 3d11&#xa;    00000d0: 0000 3e99 0028 1c11 0073 a000 161d 1100&#xa;    00000e0: 00a0 000f 120f 1c1d 04b8 002f 11ff ff3e&#xa;    00000f0: 120f 1100 76b8 0015 8407 011d 9b00 0f12&#xa;    0000100: 0f1c 1d03 b800 2f11 ffff 3e12 0f11 0071&#xa;    0000110: b800 1584 0901 a7ff 6d1d 9b00 0f12 0f1c&#xa;    0000120: 1d03 b800 2f11 ffff 3e12 0f11 007a b800&#xa;    0000130: 1515 0715 0611 007a 3d11 0000 3ea4 0035&#xa;    0000140: 1c11 007a a000 161d 1100 00a0 000f 120f&#xa;    0000150: 1c1d 04b8 002f 11ff ff3e 120f 1100 7cb8&#xa;    0000160: 0015 1507 3606 120f 1100 7db8 0015 1905&#xa;    0000170: 3a04 1d9b 000f 120f 1c1d 03b8 002f 11ff&#xa;    0000180: ff3e 120f 1100 6cb8 0015 8408 01a7 fe9b&#xa;    0000190: 1d9b 000f 120f 1c1d 03b8 002f 11ff ff3e&#xa;    00001a0: 120f 1100 81b8 0015 1904 b0            &#xa;  Stackmap Table:&#xa;    full_frame(@40,{Object[#2],Object[#39],Object[#81],Top,Integer,Top,Integer},{})&#xa;    full_frame(@131,{Object[#2],Object[#39],Object[#81],Object[#81],Integer,Integer,Integer,Integer},{})&#xa;    same_frame_extended(@275)&#xa;    chop_frame(@305,1)&#xa;    same_frame_extended(@394)&#xa;    full_frame(@424,{Object[#2],Object[#39],Object[#81],Top,Integer},{})&#xa;" type="java.lang.VerifyError">java.lang.VerifyError: Instruction type does not match stack map
Exception Details:
  Location:
    untref/aydoo/procesador/ProcesadorEstadistico.getRecorridoMasRealizado(Ljava/util/List;)Ljava/lang/String; @40: iload
  Reason:
    Type integer (current frame, locals[2]) is not assignable to &apos;java/lang/String&apos; (stack map, locals[2])
  Current Frame:
    bci: @40
    flags: { }
    locals: { &apos;untref/aydoo/procesador/ProcesadorEstadistico&apos;, &apos;java/util/List&apos;, integer, integer, &apos;java/lang/String&apos;, top, integer, top, integer }
    stack: { }
  Stackmap Frame:
    bci: @40
    flags: { }
    locals: { &apos;untref/aydoo/procesador/ProcesadorEstadistico&apos;, &apos;java/util/List&apos;, &apos;java/lang/String&apos;, top, integer, top, integer }
    stack: { }
  Bytecode:
    0000000: 033d 11ff ff3e 120f 1100 67b8 0015 124f
    0000010: 3a04 120f 1100 69b8 0015 0336 0612 0f11
    0000020: 006c b800 1503 3608 1508 2bb9 002b 0100
    0000030: 1100 6c3d 1100 003e a201 581c 1100 6ca0
    0000040: 0016 1d11 0000 a000 0f12 0f1c 1d04 b800
    0000050: 2f11 ffff 3e12 0f11 006e b800 152b 1508
    0000060: b900 3302 00c0 0035 b600 553a 0512 0f11
    0000070: 006f b800 1502 3607 120f 1100 71b8 0015
    0000080: 0336 0915 092b b900 2b01 0011 0071 3d11
    0000090: 0000 3ea2 0086 1c11 0071 a000 161d 1100
    00000a0: 00a0 000f 120f 1c1d 04b8 002f 11ff ff3e
    00000b0: 120f 1100 73b8 0015 2b15 09b9 0033 0200
    00000c0: c000 35b6 0055 1905 b600 5911 0073 3d11
    00000d0: 0000 3e99 0028 1c11 0073 a000 161d 1100
    00000e0: 00a0 000f 120f 1c1d 04b8 002f 11ff ff3e
    00000f0: 120f 1100 76b8 0015 8407 011d 9b00 0f12
    0000100: 0f1c 1d03 b800 2f11 ffff 3e12 0f11 0071
    0000110: b800 1584 0901 a7ff 6d1d 9b00 0f12 0f1c
    0000120: 1d03 b800 2f11 ffff 3e12 0f11 007a b800
    0000130: 1515 0715 0611 007a 3d11 0000 3ea4 0035
    0000140: 1c11 007a a000 161d 1100 00a0 000f 120f
    0000150: 1c1d 04b8 002f 11ff ff3e 120f 1100 7cb8
    0000160: 0015 1507 3606 120f 1100 7db8 0015 1905
    0000170: 3a04 1d9b 000f 120f 1c1d 03b8 002f 11ff
    0000180: ff3e 120f 1100 6cb8 0015 8408 01a7 fe9b
    0000190: 1d9b 000f 120f 1c1d 03b8 002f 11ff ff3e
    00001a0: 120f 1100 81b8 0015 1904 b0            
  Stackmap Table:
    full_frame(@40,{Object[#2],Object[#39],Object[#81],Top,Integer,Top,Integer},{})
    full_frame(@131,{Object[#2],Object[#39],Object[#81],Object[#81],Integer,Integer,Integer,Integer},{})
    same_frame_extended(@275)
    chop_frame(@305,1)
    same_frame_extended(@394)
    full_frame(@424,{Object[#2],Object[#39],Object[#81],Top,Integer},{})

	at untref.aydoo.tests.ProcesadorTest.laBicicletaMasUsadaDeberiaSerLaEsperadaSegunLosRecorridosCargados(ProcesadorTest.java:56)
</error>
  </testcase>
  <testcase classname="untref.aydoo.tests.ProcesadorTest" name="laBicicletaMenosUsadaDeberiaSerLaEsperadaSegunLosRecorridosCargados" time="0.002">
    <error message="Instruction type does not match stack map&#xa;Exception Details:&#xa;  Location:&#xa;    untref/aydoo/procesador/ProcesadorEstadistico.getRecorridoMasRealizado(Ljava/util/List;)Ljava/lang/String; @40: iload&#xa;  Reason:&#xa;    Type integer (current frame, locals[2]) is not assignable to &apos;java/lang/String&apos; (stack map, locals[2])&#xa;  Current Frame:&#xa;    bci: @40&#xa;    flags: { }&#xa;    locals: { &apos;untref/aydoo/procesador/ProcesadorEstadistico&apos;, &apos;java/util/List&apos;, integer, integer, &apos;java/lang/String&apos;, top, integer, top, integer }&#xa;    stack: { }&#xa;  Stackmap Frame:&#xa;    bci: @40&#xa;    flags: { }&#xa;    locals: { &apos;untref/aydoo/procesador/ProcesadorEstadistico&apos;, &apos;java/util/List&apos;, &apos;java/lang/String&apos;, top, integer, top, integer }&#xa;    stack: { }&#xa;  Bytecode:&#xa;    0000000: 033d 11ff ff3e 120f 1100 67b8 0015 124f&#xa;    0000010: 3a04 120f 1100 69b8 0015 0336 0612 0f11&#xa;    0000020: 006c b800 1503 3608 1508 2bb9 002b 0100&#xa;    0000030: 1100 6c3d 1100 003e a201 581c 1100 6ca0&#xa;    0000040: 0016 1d11 0000 a000 0f12 0f1c 1d04 b800&#xa;    0000050: 2f11 ffff 3e12 0f11 006e b800 152b 1508&#xa;    0000060: b900 3302 00c0 0035 b600 553a 0512 0f11&#xa;    0000070: 006f b800 1502 3607 120f 1100 71b8 0015&#xa;    0000080: 0336 0915 092b b900 2b01 0011 0071 3d11&#xa;    0000090: 0000 3ea2 0086 1c11 0071 a000 161d 1100&#xa;    00000a0: 00a0 000f 120f 1c1d 04b8 002f 11ff ff3e&#xa;    00000b0: 120f 1100 73b8 0015 2b15 09b9 0033 0200&#xa;    00000c0: c000 35b6 0055 1905 b600 5911 0073 3d11&#xa;    00000d0: 0000 3e99 0028 1c11 0073 a000 161d 1100&#xa;    00000e0: 00a0 000f 120f 1c1d 04b8 002f 11ff ff3e&#xa;    00000f0: 120f 1100 76b8 0015 8407 011d 9b00 0f12&#xa;    0000100: 0f1c 1d03 b800 2f11 ffff 3e12 0f11 0071&#xa;    0000110: b800 1584 0901 a7ff 6d1d 9b00 0f12 0f1c&#xa;    0000120: 1d03 b800 2f11 ffff 3e12 0f11 007a b800&#xa;    0000130: 1515 0715 0611 007a 3d11 0000 3ea4 0035&#xa;    0000140: 1c11 007a a000 161d 1100 00a0 000f 120f&#xa;    0000150: 1c1d 04b8 002f 11ff ff3e 120f 1100 7cb8&#xa;    0000160: 0015 1507 3606 120f 1100 7db8 0015 1905&#xa;    0000170: 3a04 1d9b 000f 120f 1c1d 03b8 002f 11ff&#xa;    0000180: ff3e 120f 1100 6cb8 0015 8408 01a7 fe9b&#xa;    0000190: 1d9b 000f 120f 1c1d 03b8 002f 11ff ff3e&#xa;    00001a0: 120f 1100 81b8 0015 1904 b0            &#xa;  Stackmap Table:&#xa;    full_frame(@40,{Object[#2],Object[#39],Object[#81],Top,Integer,Top,Integer},{})&#xa;    full_frame(@131,{Object[#2],Object[#39],Object[#81],Object[#81],Integer,Integer,Integer,Integer},{})&#xa;    same_frame_extended(@275)&#xa;    chop_frame(@305,1)&#xa;    same_frame_extended(@394)&#xa;    full_frame(@424,{Object[#2],Object[#39],Object[#81],Top,Integer},{})&#xa;" type="java.lang.VerifyError">java.lang.VerifyError: Instruction type does not match stack map
Exception Details:
  Location:
    untref/aydoo/procesador/ProcesadorEstadistico.getRecorridoMasRealizado(Ljava/util/List;)Ljava/lang/String; @40: iload
  Reason:
    Type integer (current frame, locals[2]) is not assignable to &apos;java/lang/String&apos; (stack map, locals[2])
  Current Frame:
    bci: @40
    flags: { }
    locals: { &apos;untref/aydoo/procesador/ProcesadorEstadistico&apos;, &apos;java/util/List&apos;, integer, integer, &apos;java/lang/String&apos;, top, integer, top, integer }
    stack: { }
  Stackmap Frame:
    bci: @40
    flags: { }
    locals: { &apos;untref/aydoo/procesador/ProcesadorEstadistico&apos;, &apos;java/util/List&apos;, &apos;java/lang/String&apos;, top, integer, top, integer }
    stack: { }
  Bytecode:
    0000000: 033d 11ff ff3e 120f 1100 67b8 0015 124f
    0000010: 3a04 120f 1100 69b8 0015 0336 0612 0f11
    0000020: 006c b800 1503 3608 1508 2bb9 002b 0100
    0000030: 1100 6c3d 1100 003e a201 581c 1100 6ca0
    0000040: 0016 1d11 0000 a000 0f12 0f1c 1d04 b800
    0000050: 2f11 ffff 3e12 0f11 006e b800 152b 1508
    0000060: b900 3302 00c0 0035 b600 553a 0512 0f11
    0000070: 006f b800 1502 3607 120f 1100 71b8 0015
    0000080: 0336 0915 092b b900 2b01 0011 0071 3d11
    0000090: 0000 3ea2 0086 1c11 0071 a000 161d 1100
    00000a0: 00a0 000f 120f 1c1d 04b8 002f 11ff ff3e
    00000b0: 120f 1100 73b8 0015 2b15 09b9 0033 0200
    00000c0: c000 35b6 0055 1905 b600 5911 0073 3d11
    00000d0: 0000 3e99 0028 1c11 0073 a000 161d 1100
    00000e0: 00a0 000f 120f 1c1d 04b8 002f 11ff ff3e
    00000f0: 120f 1100 76b8 0015 8407 011d 9b00 0f12
    0000100: 0f1c 1d03 b800 2f11 ffff 3e12 0f11 0071
    0000110: b800 1584 0901 a7ff 6d1d 9b00 0f12 0f1c
    0000120: 1d03 b800 2f11 ffff 3e12 0f11 007a b800
    0000130: 1515 0715 0611 007a 3d11 0000 3ea4 0035
    0000140: 1c11 007a a000 161d 1100 00a0 000f 120f
    0000150: 1c1d 04b8 002f 11ff ff3e 120f 1100 7cb8
    0000160: 0015 1507 3606 120f 1100 7db8 0015 1905
    0000170: 3a04 1d9b 000f 120f 1c1d 03b8 002f 11ff
    0000180: ff3e 120f 1100 6cb8 0015 8408 01a7 fe9b
    0000190: 1d9b 000f 120f 1c1d 03b8 002f 11ff ff3e
    00001a0: 120f 1100 81b8 0015 1904 b0            
  Stackmap Table:
    full_frame(@40,{Object[#2],Object[#39],Object[#81],Top,Integer,Top,Integer},{})
    full_frame(@131,{Object[#2],Object[#39],Object[#81],Object[#81],Integer,Integer,Integer,Integer},{})
    same_frame_extended(@275)
    chop_frame(@305,1)
    same_frame_extended(@394)
    full_frame(@424,{Object[#2],Object[#39],Object[#81],Top,Integer},{})

	at untref.aydoo.tests.ProcesadorTest.laBicicletaMenosUsadaDeberiaSerLaEsperadaSegunLosRecorridosCargados(ProcesadorTest.java:88)
</error>
  </testcase>
  <testcase classname="untref.aydoo.tests.ProcesadorTest" name="elTiempoDeberiaSerElEsperadoSegunLosRecorridosCargados" time="0.006">
    <error message="Instruction type does not match stack map&#xa;Exception Details:&#xa;  Location:&#xa;    untref/aydoo/procesador/ProcesadorEstadistico.getRecorridoMasRealizado(Ljava/util/List;)Ljava/lang/String; @40: iload&#xa;  Reason:&#xa;    Type integer (current frame, locals[2]) is not assignable to &apos;java/lang/String&apos; (stack map, locals[2])&#xa;  Current Frame:&#xa;    bci: @40&#xa;    flags: { }&#xa;    locals: { &apos;untref/aydoo/procesador/ProcesadorEstadistico&apos;, &apos;java/util/List&apos;, integer, integer, &apos;java/lang/String&apos;, top, integer, top, integer }&#xa;    stack: { }&#xa;  Stackmap Frame:&#xa;    bci: @40&#xa;    flags: { }&#xa;    locals: { &apos;untref/aydoo/procesador/ProcesadorEstadistico&apos;, &apos;java/util/List&apos;, &apos;java/lang/String&apos;, top, integer, top, integer }&#xa;    stack: { }&#xa;  Bytecode:&#xa;    0000000: 033d 11ff ff3e 120f 1100 67b8 0015 124f&#xa;    0000010: 3a04 120f 1100 69b8 0015 0336 0612 0f11&#xa;    0000020: 006c b800 1503 3608 1508 2bb9 002b 0100&#xa;    0000030: 1100 6c3d 1100 003e a201 581c 1100 6ca0&#xa;    0000040: 0016 1d11 0000 a000 0f12 0f1c 1d04 b800&#xa;    0000050: 2f11 ffff 3e12 0f11 006e b800 152b 1508&#xa;    0000060: b900 3302 00c0 0035 b600 553a 0512 0f11&#xa;    0000070: 006f b800 1502 3607 120f 1100 71b8 0015&#xa;    0000080: 0336 0915 092b b900 2b01 0011 0071 3d11&#xa;    0000090: 0000 3ea2 0086 1c11 0071 a000 161d 1100&#xa;    00000a0: 00a0 000f 120f 1c1d 04b8 002f 11ff ff3e&#xa;    00000b0: 120f 1100 73b8 0015 2b15 09b9 0033 0200&#xa;    00000c0: c000 35b6 0055 1905 b600 5911 0073 3d11&#xa;    00000d0: 0000 3e99 0028 1c11 0073 a000 161d 1100&#xa;    00000e0: 00a0 000f 120f 1c1d 04b8 002f 11ff ff3e&#xa;    00000f0: 120f 1100 76b8 0015 8407 011d 9b00 0f12&#xa;    0000100: 0f1c 1d03 b800 2f11 ffff 3e12 0f11 0071&#xa;    0000110: b800 1584 0901 a7ff 6d1d 9b00 0f12 0f1c&#xa;    0000120: 1d03 b800 2f11 ffff 3e12 0f11 007a b800&#xa;    0000130: 1515 0715 0611 007a 3d11 0000 3ea4 0035&#xa;    0000140: 1c11 007a a000 161d 1100 00a0 000f 120f&#xa;    0000150: 1c1d 04b8 002f 11ff ff3e 120f 1100 7cb8&#xa;    0000160: 0015 1507 3606 120f 1100 7db8 0015 1905&#xa;    0000170: 3a04 1d9b 000f 120f 1c1d 03b8 002f 11ff&#xa;    0000180: ff3e 120f 1100 6cb8 0015 8408 01a7 fe9b&#xa;    0000190: 1d9b 000f 120f 1c1d 03b8 002f 11ff ff3e&#xa;    00001a0: 120f 1100 81b8 0015 1904 b0            &#xa;  Stackmap Table:&#xa;    full_frame(@40,{Object[#2],Object[#39],Object[#81],Top,Integer,Top,Integer},{})&#xa;    full_frame(@131,{Object[#2],Object[#39],Object[#81],Object[#81],Integer,Integer,Integer,Integer},{})&#xa;    same_frame_extended(@275)&#xa;    chop_frame(@305,1)&#xa;    same_frame_extended(@394)&#xa;    full_frame(@424,{Object[#2],Object[#39],Object[#81],Top,Integer},{})&#xa;" type="java.lang.VerifyError">java.lang.VerifyError: Instruction type does not match stack map
Exception Details:
  Location:
    untref/aydoo/procesador/ProcesadorEstadistico.getRecorridoMasRealizado(Ljava/util/List;)Ljava/lang/String; @40: iload
  Reason:
    Type integer (current frame, locals[2]) is not assignable to &apos;java/lang/String&apos; (stack map, locals[2])
  Current Frame:
    bci: @40
    flags: { }
    locals: { &apos;untref/aydoo/procesador/ProcesadorEstadistico&apos;, &apos;java/util/List&apos;, integer, integer, &apos;java/lang/String&apos;, top, integer, top, integer }
    stack: { }
  Stackmap Frame:
    bci: @40
    flags: { }
    locals: { &apos;untref/aydoo/procesador/ProcesadorEstadistico&apos;, &apos;java/util/List&apos;, &apos;java/lang/String&apos;, top, integer, top, integer }
    stack: { }
  Bytecode:
    0000000: 033d 11ff ff3e 120f 1100 67b8 0015 124f
    0000010: 3a04 120f 1100 69b8 0015 0336 0612 0f11
    0000020: 006c b800 1503 3608 1508 2bb9 002b 0100
    0000030: 1100 6c3d 1100 003e a201 581c 1100 6ca0
    0000040: 0016 1d11 0000 a000 0f12 0f1c 1d04 b800
    0000050: 2f11 ffff 3e12 0f11 006e b800 152b 1508
    0000060: b900 3302 00c0 0035 b600 553a 0512 0f11
    0000070: 006f b800 1502 3607 120f 1100 71b8 0015
    0000080: 0336 0915 092b b900 2b01 0011 0071 3d11
    0000090: 0000 3ea2 0086 1c11 0071 a000 161d 1100
    00000a0: 00a0 000f 120f 1c1d 04b8 002f 11ff ff3e
    00000b0: 120f 1100 73b8 0015 2b15 09b9 0033 0200
    00000c0: c000 35b6 0055 1905 b600 5911 0073 3d11
    00000d0: 0000 3e99 0028 1c11 0073 a000 161d 1100
    00000e0: 00a0 000f 120f 1c1d 04b8 002f 11ff ff3e
    00000f0: 120f 1100 76b8 0015 8407 011d 9b00 0f12
    0000100: 0f1c 1d03 b800 2f11 ffff 3e12 0f11 0071
    0000110: b800 1584 0901 a7ff 6d1d 9b00 0f12 0f1c
    0000120: 1d03 b800 2f11 ffff 3e12 0f11 007a b800
    0000130: 1515 0715 0611 007a 3d11 0000 3ea4 0035
    0000140: 1c11 007a a000 161d 1100 00a0 000f 120f
    0000150: 1c1d 04b8 002f 11ff ff3e 120f 1100 7cb8
    0000160: 0015 1507 3606 120f 1100 7db8 0015 1905
    0000170: 3a04 1d9b 000f 120f 1c1d 03b8 002f 11ff
    0000180: ff3e 120f 1100 6cb8 0015 8408 01a7 fe9b
    0000190: 1d9b 000f 120f 1c1d 03b8 002f 11ff ff3e
    00001a0: 120f 1100 81b8 0015 1904 b0            
  Stackmap Table:
    full_frame(@40,{Object[#2],Object[#39],Object[#81],Top,Integer,Top,Integer},{})
    full_frame(@131,{Object[#2],Object[#39],Object[#81],Object[#81],Integer,Integer,Integer,Integer},{})
    same_frame_extended(@275)
    chop_frame(@305,1)
    same_frame_extended(@394)
    full_frame(@424,{Object[#2],Object[#39],Object[#81],Top,Integer},{})

	at untref.aydoo.tests.ProcesadorTest.elTiempoDeberiaSerElEsperadoSegunLosRecorridosCargados(ProcesadorTest.java:120)
</error>
  </testcase>
  <system-out><![CDATA[]]></system-out>
  <system-err><![CDATA[]]></system-err>
</testsuite>
