<?xml version="1.0" encoding="UTF-8" ?>
<testsuite errors="1" failures="0" hostname="skorpios" name="untref.aydoo.tests.ManejadorArchivosTest" tests="1" time="0.123" timestamp="2014-06-20T05:18:04">
  <properties>
[...]
</properties>
  <testcase classname="untref.aydoo.tests.ManejadorArchivosTest" name="verificarQueElTamañoDeLaListaDeRecorridosEsElEsperado" time="0.016">
    <error message="Instruction type does not match stack map&#xa;Exception Details:&#xa;  Location:&#xa;    untref/aydoo/procesador/ManejadorArchivos.obtenerRecorridos(Ljava/lang/String;)Ljava/util/List; @72: aload&#xa;  Reason:&#xa;    Type integer (current frame, locals[2]) is not assignable to &apos;au/com/bytecode/opencsv/CSVReader&apos; (stack map, locals[2])&#xa;  Current Frame:&#xa;    bci: @72&#xa;    flags: { }&#xa;    locals: { &apos;untref/aydoo/procesador/ManejadorArchivos&apos;, &apos;java/lang/String&apos;, integer, integer, &apos;au/com/bytecode/opencsv/CSVReader&apos;, &apos;java/util/ArrayList&apos; }&#xa;    stack: { }&#xa;  Stackmap Frame:&#xa;    bci: @72&#xa;    flags: { }&#xa;    locals: { &apos;untref/aydoo/procesador/ManejadorArchivos&apos;, &apos;java/lang/String&apos;, &apos;au/com/bytecode/opencsv/CSVReader&apos;, &apos;java/util/List&apos; }&#xa;    stack: { }&#xa;  Bytecode:&#xa;    0000000: 033d 11ff ff3e 120b 1100 21b8 0011 bb00&#xa;    0000010: 4f59 bb00 5159 2bb7 0052 103b b700 553a&#xa;    0000020: 0412 0b11 0023 b800 11bb 0057 59b7 0058&#xa;    0000030: 3a05 120b 1100 29b8 0011 1904 b600 5c57&#xa;    0000040: 120b 1100 2bb8 0011 1904 b600 5c59 3a06&#xa;    0000050: 1100 2b3d 1100 003e c601 1f1c 1100 2ba0&#xa;    0000060: 0016 1d11 0000 a000 0f12 0b1c 1d04 b800&#xa;    0000070: 6211 ffff 3e12 0b11 002d b800 11bb 0064&#xa;    0000080: 59b7 0065 3a07 120b 1100 31b8 0011 1907&#xa;    0000090: 1906 0332 b800 6bb6 006f 120b 1100 32b8&#xa;    00000a0: 0011 1907 1906 0432 b800 6bb6 0072 120b&#xa;    00000b0: 1100 34b8 0011 1907 1906 0532 b600 7512&#xa;    00000c0: 0b11 0035 b800 1119 0719 0606 32b8 006b&#xa;    00000d0: b800 79b6 007d 120b 1100 36b8 0011 1907&#xa;    00000e0: 1906 0732 b600 8012 0b11 0038 b800 1119&#xa;    00000f0: 0719 0608 32b6 0083 120b 1100 39b8 0011&#xa;    0000100: 1907 1906 1006 32b8 006b b800 79b6 0086&#xa;    0000110: 120b 1100 3ab8 0011 1907 1906 1007 32b6&#xa;    0000120: 0089 120b 1100 3cb8 0011 1907 1906 1008&#xa;    0000130: 32b8 006b b600 8c12 0b11 003e b800 1119&#xa;    0000140: 0519 07b9 0090 0200 5712 0b11 0044 b800&#xa;    0000150: 11a7 001b 120b 1100 41b8 0011 3a08 120b&#xa;    0000160: 1100 43b8 0011 1907 03b6 008c 120b 1100&#xa;    0000170: 45b8 0011 a7fe cc1d 9b00 0f12 0b1c 1d03&#xa;    0000180: b800 6211 ffff 3e12 0b11 0047 b800 1119&#xa;    0000190: 04b6 0097 120b 1100 49b8 0011 1905 b0  &#xa;  Exception Handler Table:&#xa;    bci [134, 329] =&gt; handler: 340&#xa;  Stackmap Table:&#xa;    append_frame(@72,Object[#79],Object[#94])&#xa;    full_frame(@348,{Object[#2],Object[#146],Object[#79],Object[#94],Object[#148],Object[#100]},{Object[#77]})&#xa;    chop_frame(@372,1)&#xa;    same_frame(@399)&#xa;" type="java.lang.VerifyError">java.lang.VerifyError: Instruction type does not match stack map
Exception Details:
  Location:
    untref/aydoo/procesador/ManejadorArchivos.obtenerRecorridos(Ljava/lang/String;)Ljava/util/List; @72: aload
  Reason:
    Type integer (current frame, locals[2]) is not assignable to &apos;au/com/bytecode/opencsv/CSVReader&apos; (stack map, locals[2])
  Current Frame:
    bci: @72
    flags: { }
    locals: { &apos;untref/aydoo/procesador/ManejadorArchivos&apos;, &apos;java/lang/String&apos;, integer, integer, &apos;au/com/bytecode/opencsv/CSVReader&apos;, &apos;java/util/ArrayList&apos; }
    stack: { }
  Stackmap Frame:
    bci: @72
    flags: { }
    locals: { &apos;untref/aydoo/procesador/ManejadorArchivos&apos;, &apos;java/lang/String&apos;, &apos;au/com/bytecode/opencsv/CSVReader&apos;, &apos;java/util/List&apos; }
    stack: { }
  Bytecode:
    0000000: 033d 11ff ff3e 120b 1100 21b8 0011 bb00
    0000010: 4f59 bb00 5159 2bb7 0052 103b b700 553a
    0000020: 0412 0b11 0023 b800 11bb 0057 59b7 0058
    0000030: 3a05 120b 1100 29b8 0011 1904 b600 5c57
    0000040: 120b 1100 2bb8 0011 1904 b600 5c59 3a06
    0000050: 1100 2b3d 1100 003e c601 1f1c 1100 2ba0
    0000060: 0016 1d11 0000 a000 0f12 0b1c 1d04 b800
    0000070: 6211 ffff 3e12 0b11 002d b800 11bb 0064
    0000080: 59b7 0065 3a07 120b 1100 31b8 0011 1907
    0000090: 1906 0332 b800 6bb6 006f 120b 1100 32b8
    00000a0: 0011 1907 1906 0432 b800 6bb6 0072 120b
    00000b0: 1100 34b8 0011 1907 1906 0532 b600 7512
    00000c0: 0b11 0035 b800 1119 0719 0606 32b8 006b
    00000d0: b800 79b6 007d 120b 1100 36b8 0011 1907
    00000e0: 1906 0732 b600 8012 0b11 0038 b800 1119
    00000f0: 0719 0608 32b6 0083 120b 1100 39b8 0011
    0000100: 1907 1906 1006 32b8 006b b800 79b6 0086
    0000110: 120b 1100 3ab8 0011 1907 1906 1007 32b6
    0000120: 0089 120b 1100 3cb8 0011 1907 1906 1008
    0000130: 32b8 006b b600 8c12 0b11 003e b800 1119
    0000140: 0519 07b9 0090 0200 5712 0b11 0044 b800
    0000150: 11a7 001b 120b 1100 41b8 0011 3a08 120b
    0000160: 1100 43b8 0011 1907 03b6 008c 120b 1100
    0000170: 45b8 0011 a7fe cc1d 9b00 0f12 0b1c 1d03
    0000180: b800 6211 ffff 3e12 0b11 0047 b800 1119
    0000190: 04b6 0097 120b 1100 49b8 0011 1905 b0  
  Exception Handler Table:
    bci [134, 329] =&gt; handler: 340
  Stackmap Table:
    append_frame(@72,Object[#79],Object[#94])
    full_frame(@348,{Object[#2],Object[#146],Object[#79],Object[#94],Object[#148],Object[#100]},{Object[#77]})
    chop_frame(@372,1)
    same_frame(@399)

	at untref.aydoo.tests.ManejadorArchivosTest.verificarQueElTamañoDeLaListaDeRecorridosEsElEsperado(ManejadorArchivosTest.java:23)
</error>
  </testcase>
  <system-out><![CDATA[]]></system-out>
  <system-err><![CDATA[]]></system-err>
</testsuite>
